{"/Users/wangshihao/projects/openclaws/ai-gardening-designer/src/middleware/errorHandler.ts": {"path":"/Users/wangshihao/projects/openclaws/ai-gardening-designer/src/middleware/errorHandler.ts","statementMap":{"0":{"start":{"line":8,"column":28},"end":{"line":48,"column":1}},"1":{"start":{"line":14,"column":21},"end":{"line":14,"column":44}},"2":{"start":{"line":15,"column":18},"end":{"line":15,"column":58}},"3":{"start":{"line":16,"column":24},"end":{"line":16,"column":52}},"4":{"start":{"line":19,"column":2},"end":{"line":29,"column":5}},"5":{"start":{"line":32,"column":2},"end":{"line":47,"column":3}},"6":{"start":{"line":33,"column":4},"end":{"line":37,"column":7}},"7":{"start":{"line":40,"column":4},"end":{"line":46,"column":7}},"8":{"start":{"line":8,"column":13},"end":{"line":8,"column":28}},"9":{"start":{"line":50,"column":27},"end":{"line":55,"column":1}},"10":{"start":{"line":51,"column":16},"end":{"line":51,"column":46}},"11":{"start":{"line":52,"column":2},"end":{"line":52,"column":32}},"12":{"start":{"line":53,"column":2},"end":{"line":53,"column":38}},"13":{"start":{"line":54,"column":2},"end":{"line":54,"column":15}},"14":{"start":{"line":50,"column":13},"end":{"line":50,"column":27}},"15":{"start":{"line":57,"column":28},"end":{"line":61,"column":1}},"16":{"start":{"line":58,"column":2},"end":{"line":60,"column":4}},"17":{"start":{"line":59,"column":4},"end":{"line":59,"column":52}},"18":{"start":{"line":57,"column":13},"end":{"line":57,"column":28}}},"fnMap":{"0":{"name":"(anonymous_0)","decl":{"start":{"line":8,"column":28},"end":{"line":8,"column":null}},"loc":{"start":{"line":13,"column":4},"end":{"line":48,"column":1}}},"1":{"name":"(anonymous_1)","decl":{"start":{"line":50,"column":27},"end":{"line":50,"column":28}},"loc":{"start":{"line":50,"column":114},"end":{"line":55,"column":1}}},"2":{"name":"(anonymous_2)","decl":{"start":{"line":57,"column":28},"end":{"line":57,"column":29}},"loc":{"start":{"line":57,"column":45},"end":{"line":61,"column":1}}},"3":{"name":"(anonymous_3)","decl":{"start":{"line":58,"column":9},"end":{"line":58,"column":10}},"loc":{"start":{"line":58,"column":61},"end":{"line":60,"column":3}}}},"branchMap":{"0":{"loc":{"start":{"line":14,"column":21},"end":{"line":14,"column":44}},"type":"binary-expr","locations":[{"start":{"line":14,"column":21},"end":{"line":14,"column":37}},{"start":{"line":14,"column":41},"end":{"line":14,"column":44}}]},"1":{"loc":{"start":{"line":15,"column":18},"end":{"line":15,"column":58}},"type":"binary-expr","locations":[{"start":{"line":15,"column":18},"end":{"line":15,"column":31}},{"start":{"line":15,"column":35},"end":{"line":15,"column":58}}]},"2":{"loc":{"start":{"line":16,"column":24},"end":{"line":16,"column":52}},"type":"binary-expr","locations":[{"start":{"line":16,"column":24},"end":{"line":16,"column":43}},{"start":{"line":16,"column":47},"end":{"line":16,"column":52}}]},"3":{"loc":{"start":{"line":32,"column":2},"end":{"line":47,"column":3}},"type":"if","locations":[{"start":{"line":32,"column":2},"end":{"line":47,"column":3}},{"start":{"line":38,"column":9},"end":{"line":47,"column":3}}]},"4":{"loc":{"start":{"line":32,"column":6},"end":{"line":32,"column":61}},"type":"binary-expr","locations":[{"start":{"line":32,"column":6},"end":{"line":32,"column":43}},{"start":{"line":32,"column":47},"end":{"line":32,"column":61}}]},"5":{"loc":{"start":{"line":50,"column":45},"end":{"line":50,"column":69}},"type":"default-arg","locations":[{"start":{"line":50,"column":66},"end":{"line":50,"column":69}}]},"6":{"loc":{"start":{"line":50,"column":71},"end":{"line":50,"column":100}},"type":"default-arg","locations":[{"start":{"line":50,"column":96},"end":{"line":50,"column":100}}]}},"s":{"0":0,"1":0,"2":0,"3":0,"4":0,"5":0,"6":0,"7":0,"8":0,"9":0,"10":0,"11":0,"12":0,"13":0,"14":0,"15":0,"16":0,"17":0,"18":0},"f":{"0":0,"1":0,"2":0,"3":0},"b":{"0":[0,0],"1":[0,0],"2":[0,0],"3":[0,0],"4":[0,0],"5":[0],"6":[0]}}
,"/Users/wangshihao/projects/openclaws/ai-gardening-designer/src/routes/user.ts": {"path":"/Users/wangshihao/projects/openclaws/ai-gardening-designer/src/routes/user.ts","statementMap":{"0":{"start":{"line":1,"column":0},"end":{"line":1,"column":33}},"1":{"start":{"line":2,"column":0},"end":{"line":2,"column":46}},"2":{"start":{"line":3,"column":0},"end":{"line":3,"column":70}},"3":{"start":{"line":6,"column":15},"end":{"line":6,"column":23}},"4":{"start":{"line":7,"column":15},"end":{"line":7,"column":33}},"5":{"start":{"line":10,"column":0},"end":{"line":47,"column":4}},"6":{"start":{"line":11,"column":17},"end":{"line":11,"column":29}},"7":{"start":{"line":13,"column":2},"end":{"line":15,"column":3}},"8":{"start":{"line":14,"column":4},"end":{"line":14,"column":59}},"9":{"start":{"line":17,"column":15},"end":{"line":33,"column":4}},"10":{"start":{"line":35,"column":2},"end":{"line":37,"column":3}},"11":{"start":{"line":36,"column":4},"end":{"line":36,"column":51}},"12":{"start":{"line":39,"column":32},"end":{"line":44,"column":4}},"13":{"start":{"line":46,"column":2},"end":{"line":46,"column":21}},"14":{"start":{"line":50,"column":0},"end":{"line":84,"column":4}},"15":{"start":{"line":51,"column":17},"end":{"line":51,"column":29}},"16":{"start":{"line":53,"column":2},"end":{"line":55,"column":3}},"17":{"start":{"line":54,"column":4},"end":{"line":54,"column":59}},"18":{"start":{"line":57,"column":24},"end":{"line":57,"column":73}},"19":{"start":{"line":58,"column":22},"end":{"line":62,"column":4}},"20":{"start":{"line":63,"column":26},"end":{"line":63,"column":76}},"21":{"start":{"line":64,"column":29},"end":{"line":66,"column":4}},"22":{"start":{"line":68,"column":16},"end":{"line":74,"column":4}},"23":{"start":{"line":73,"column":83},"end":{"line":73,"column":95}},"24":{"start":{"line":76,"column":32},"end":{"line":81,"column":4}},"25":{"start":{"line":83,"column":2},"end":{"line":83,"column":21}},"26":{"start":{"line":87,"column":0},"end":{"line":108,"column":4}},"27":{"start":{"line":88,"column":17},"end":{"line":88,"column":29}},"28":{"start":{"line":89,"column":26},"end":{"line":89,"column":34}},"29":{"start":{"line":91,"column":2},"end":{"line":93,"column":3}},"30":{"start":{"line":92,"column":4},"end":{"line":92,"column":59}},"31":{"start":{"line":95,"column":22},"end":{"line":98,"column":4}},"32":{"start":{"line":100,"column":32},"end":{"line":105,"column":4}},"33":{"start":{"line":107,"column":2},"end":{"line":107,"column":21}},"34":{"start":{"line":110,"column":0},"end":{"line":110,"column":22}}},"fnMap":{"0":{"name":"(anonymous_0)","decl":{"start":{"line":10,"column":36},"end":{"line":10,"column":41}},"loc":{"start":{"line":10,"column":68},"end":{"line":47,"column":1}}},"1":{"name":"(anonymous_1)","decl":{"start":{"line":50,"column":34},"end":{"line":50,"column":39}},"loc":{"start":{"line":50,"column":66},"end":{"line":84,"column":1}}},"2":{"name":"(anonymous_2)","decl":{"start":{"line":73,"column":78},"end":{"line":73,"column":79}},"loc":{"start":{"line":73,"column":83},"end":{"line":73,"column":95}}},"3":{"name":"(anonymous_3)","decl":{"start":{"line":87,"column":40},"end":{"line":87,"column":45}},"loc":{"start":{"line":87,"column":72},"end":{"line":108,"column":1}}}},"branchMap":{"0":{"loc":{"start":{"line":13,"column":2},"end":{"line":15,"column":3}},"type":"if","locations":[{"start":{"line":13,"column":2},"end":{"line":15,"column":3}}]},"1":{"loc":{"start":{"line":35,"column":2},"end":{"line":37,"column":3}},"type":"if","locations":[{"start":{"line":35,"column":2},"end":{"line":37,"column":3}}]},"2":{"loc":{"start":{"line":53,"column":2},"end":{"line":55,"column":3}},"type":"if","locations":[{"start":{"line":53,"column":2},"end":{"line":55,"column":3}}]},"3":{"loc":{"start":{"line":91,"column":2},"end":{"line":93,"column":3}},"type":"if","locations":[{"start":{"line":91,"column":2},"end":{"line":93,"column":3}}]}},"s":{"0":0,"1":0,"2":0,"3":0,"4":0,"5":0,"6":0,"7":0,"8":0,"9":0,"10":0,"11":0,"12":0,"13":0,"14":0,"15":0,"16":0,"17":0,"18":0,"19":0,"20":0,"21":0,"22":0,"23":0,"24":0,"25":0,"26":0,"27":0,"28":0,"29":0,"30":0,"31":0,"32":0,"33":0,"34":0},"f":{"0":0,"1":0,"2":0,"3":0},"b":{"0":[0],"1":[0],"2":[0],"3":[0]}}
,"/Users/wangshihao/projects/openclaws/ai-gardening-designer/src/scripts/initDatabase.ts": {"path":"/Users/wangshihao/projects/openclaws/ai-gardening-designer/src/scripts/initDatabase.ts","statementMap":{"0":{"start":{"line":1,"column":0},"end":{"line":1,"column":46}},"1":{"start":{"line":3,"column":0},"end":{"line":3,"column":29}},"2":{"start":{"line":4,"column":0},"end":{"line":4,"column":41}},"3":{"start":{"line":6,"column":15},"end":{"line":6,"column":33}},"4":{"start":{"line":9,"column":2},"end":{"line":9,"column":39}},"5":{"start":{"line":10,"column":2},"end":{"line":10,"column":55}},"6":{"start":{"line":12,"column":2},"end":{"line":117,"column":3}},"7":{"start":{"line":14,"column":4},"end":{"line":14,"column":33}},"8":{"start":{"line":15,"column":4},"end":{"line":22,"column":5}},"9":{"start":{"line":16,"column":6},"end":{"line":16,"column":39}},"10":{"start":{"line":17,"column":6},"end":{"line":17,"column":30}},"11":{"start":{"line":19,"column":6},"end":{"line":19,"column":38}},"12":{"start":{"line":20,"column":6},"end":{"line":20,"column":51}},"13":{"start":{"line":21,"column":6},"end":{"line":21,"column":32}},"14":{"start":{"line":25,"column":4},"end":{"line":25,"column":33}},"15":{"start":{"line":26,"column":4},"end":{"line":48,"column":5}},"16":{"start":{"line":27,"column":6},"end":{"line":30,"column":9}},"17":{"start":{"line":31,"column":6},"end":{"line":31,"column":31}},"18":{"start":{"line":33,"column":6},"end":{"line":33,"column":37}},"19":{"start":{"line":34,"column":6},"end":{"line":47,"column":7}},"20":{"start":{"line":35,"column":8},"end":{"line":38,"column":11}},"21":{"start":{"line":39,"column":8},"end":{"line":39,"column":33}},"22":{"start":{"line":41,"column":8},"end":{"line":41,"column":37}},"23":{"start":{"line":42,"column":8},"end":{"line":45,"column":11}},"24":{"start":{"line":46,"column":8},"end":{"line":46,"column":38}},"25":{"start":{"line":51,"column":4},"end":{"line":51,"column":37}},"26":{"start":{"line":52,"column":4},"end":{"line":55,"column":7}},"27":{"start":{"line":56,"column":4},"end":{"line":56,"column":35}},"28":{"start":{"line":59,"column":4},"end":{"line":59,"column":34}},"29":{"start":{"line":60,"column":4},"end":{"line":69,"column":5}},"30":{"start":{"line":61,"column":31},"end":{"line":61,"column":68}},"31":{"start":{"line":62,"column":6},"end":{"line":65,"column":9}},"32":{"start":{"line":66,"column":6},"end":{"line":66,"column":32}},"33":{"start":{"line":68,"column":6},"end":{"line":68,"column":42}},"34":{"start":{"line":72,"column":4},"end":{"line":72,"column":32}},"35":{"start":{"line":73,"column":4},"end":{"line":82,"column":5}},"36":{"start":{"line":74,"column":36},"end":{"line":74,"column":78}},"37":{"start":{"line":75,"column":6},"end":{"line":78,"column":9}},"38":{"start":{"line":79,"column":6},"end":{"line":79,"column":32}},"39":{"start":{"line":81,"column":6},"end":{"line":81,"column":42}},"40":{"start":{"line":85,"column":4},"end":{"line":85,"column":33}},"41":{"start":{"line":86,"column":18},"end":{"line":93,"column":6}},"42":{"start":{"line":95,"column":4},"end":{"line":95,"column":30}},"43":{"start":{"line":96,"column":4},"end":{"line":96,"column":40}},"44":{"start":{"line":97,"column":4},"end":{"line":97,"column":40}},"45":{"start":{"line":98,"column":4},"end":{"line":98,"column":40}},"46":{"start":{"line":99,"column":4},"end":{"line":99,"column":40}},"47":{"start":{"line":100,"column":4},"end":{"line":100,"column":41}},"48":{"start":{"line":101,"column":4},"end":{"line":101,"column":40}},"49":{"start":{"line":103,"column":4},"end":{"line":112,"column":5}},"50":{"start":{"line":104,"column":6},"end":{"line":104,"column":37}},"51":{"start":{"line":105,"column":6},"end":{"line":105,"column":46}},"52":{"start":{"line":106,"column":6},"end":{"line":106,"column":31}},"53":{"start":{"line":107,"column":6},"end":{"line":107,"column":49}},"54":{"start":{"line":108,"column":6},"end":{"line":108,"column":54}},"55":{"start":{"line":109,"column":6},"end":{"line":109,"column":36}},"56":{"start":{"line":111,"column":6},"end":{"line":111,"column":41}},"57":{"start":{"line":115,"column":4},"end":{"line":115,"column":45}},"58":{"start":{"line":116,"column":4},"end":{"line":116,"column":20}},"59":{"start":{"line":120,"column":0},"end":{"line":127,"column":5}},"60":{"start":{"line":122,"column":4},"end":{"line":122,"column":31}},"61":{"start":{"line":123,"column":4},"end":{"line":123,"column":20}},"62":{"start":{"line":126,"column":4},"end":{"line":126,"column":31}}},"fnMap":{"0":{"name":"main","decl":{"start":{"line":8,"column":15},"end":{"line":8,"column":19}},"loc":{"start":{"line":8,"column":19},"end":{"line":118,"column":1}}},"1":{"name":"(anonymous_10)","decl":{"start":{"line":121,"column":9},"end":{"line":121,"column":10}},"loc":{"start":{"line":121,"column":15},"end":{"line":124,"column":3}}},"2":{"name":"(anonymous_11)","decl":{"start":{"line":125,"column":11},"end":{"line":125,"column":16}},"loc":{"start":{"line":125,"column":22},"end":{"line":127,"column":3}}}},"branchMap":{"0":{"loc":{"start":{"line":103,"column":4},"end":{"line":112,"column":5}},"type":"if","locations":[{"start":{"line":103,"column":4},"end":{"line":112,"column":5}},{"start":{"line":110,"column":11},"end":{"line":112,"column":5}}]}},"s":{"0":0,"1":0,"2":0,"3":0,"4":0,"5":0,"6":0,"7":0,"8":0,"9":0,"10":0,"11":0,"12":0,"13":0,"14":0,"15":0,"16":0,"17":0,"18":0,"19":0,"20":0,"21":0,"22":0,"23":0,"24":0,"25":0,"26":0,"27":0,"28":0,"29":0,"30":0,"31":0,"32":0,"33":0,"34":0,"35":0,"36":0,"37":0,"38":0,"39":0,"40":0,"41":0,"42":0,"43":0,"44":0,"45":0,"46":0,"47":0,"48":0,"49":0,"50":0,"51":0,"52":0,"53":0,"54":0,"55":0,"56":0,"57":0,"58":0,"59":0,"60":0,"61":0,"62":0},"f":{"0":0,"1":0,"2":0},"b":{"0":[0,0]}}
,"/Users/wangshihao/projects/openclaws/ai-gardening-designer/src/scripts/seedPlants.ts": {"path":"/Users/wangshihao/projects/openclaws/ai-gardening-designer/src/scripts/seedPlants.ts","statementMap":{"0":{"start":{"line":1,"column":0},"end":{"line":1,"column":46}},"1":{"start":{"line":5,"column":15},"end":{"line":5,"column":33}},"2":{"start":{"line":8,"column":21},"end":{"line":134,"column":2}},"3":{"start":{"line":137,"column":23},"end":{"line":170,"column":2}},"4":{"start":{"line":173,"column":22},"end":{"line":216,"column":2}},"5":{"start":{"line":219,"column":21},"end":{"line":244,"column":2}},"6":{"start":{"line":247,"column":2},"end":{"line":247,"column":37}},"7":{"start":{"line":250,"column":2},"end":{"line":250,"column":30}},"8":{"start":{"line":251,"column":2},"end":{"line":266,"column":3}},"9":{"start":{"line":252,"column":26},"end":{"line":254,"column":6}},"10":{"start":{"line":256,"column":4},"end":{"line":265,"column":5}},"11":{"start":{"line":257,"column":6},"end":{"line":260,"column":9}},"12":{"start":{"line":262,"column":6},"end":{"line":264,"column":9}},"13":{"start":{"line":269,"column":2},"end":{"line":269,"column":31}},"14":{"start":{"line":270,"column":2},"end":{"line":287,"column":3}},"15":{"start":{"line":271,"column":18},"end":{"line":273,"column":6}},"16":{"start":{"line":275,"column":4},"end":{"line":286,"column":5}},"17":{"start":{"line":276,"column":6},"end":{"line":285,"column":9}},"18":{"start":{"line":290,"column":2},"end":{"line":290,"column":31}},"19":{"start":{"line":291,"column":2},"end":{"line":309,"column":3}},"20":{"start":{"line":292,"column":18},"end":{"line":294,"column":6}},"21":{"start":{"line":296,"column":4},"end":{"line":308,"column":5}},"22":{"start":{"line":297,"column":6},"end":{"line":307,"column":9}},"23":{"start":{"line":312,"column":2},"end":{"line":312,"column":33}},"24":{"start":{"line":313,"column":2},"end":{"line":328,"column":3}},"25":{"start":{"line":314,"column":18},"end":{"line":316,"column":6}},"26":{"start":{"line":318,"column":4},"end":{"line":327,"column":5}},"27":{"start":{"line":319,"column":6},"end":{"line":326,"column":9}},"28":{"start":{"line":330,"column":2},"end":{"line":330,"column":29}},"29":{"start":{"line":331,"column":2},"end":{"line":331,"column":53}},"30":{"start":{"line":332,"column":2},"end":{"line":332,"column":55}},"31":{"start":{"line":333,"column":2},"end":{"line":333,"column":54}},"32":{"start":{"line":334,"column":2},"end":{"line":334,"column":55}},"33":{"start":{"line":337,"column":0},"end":{"line":344,"column":5}},"34":{"start":{"line":339,"column":4},"end":{"line":339,"column":35}},"35":{"start":{"line":340,"column":4},"end":{"line":340,"column":20}},"36":{"start":{"line":343,"column":4},"end":{"line":343,"column":31}}},"fnMap":{"0":{"name":"main","decl":{"start":{"line":246,"column":15},"end":{"line":246,"column":19}},"loc":{"start":{"line":246,"column":19},"end":{"line":335,"column":1}}},"1":{"name":"(anonymous_1)","decl":{"start":{"line":338,"column":9},"end":{"line":338,"column":10}},"loc":{"start":{"line":338,"column":15},"end":{"line":341,"column":3}}},"2":{"name":"(anonymous_2)","decl":{"start":{"line":342,"column":11},"end":{"line":342,"column":16}},"loc":{"start":{"line":342,"column":22},"end":{"line":344,"column":3}}}},"branchMap":{"0":{"loc":{"start":{"line":256,"column":4},"end":{"line":265,"column":5}},"type":"if","locations":[{"start":{"line":256,"column":4},"end":{"line":265,"column":5}},{"start":{"line":261,"column":11},"end":{"line":265,"column":5}}]},"1":{"loc":{"start":{"line":275,"column":4},"end":{"line":286,"column":5}},"type":"if","locations":[{"start":{"line":275,"column":4},"end":{"line":286,"column":5}}]},"2":{"loc":{"start":{"line":283,"column":31},"end":{"line":283,"column":51}},"type":"binary-expr","locations":[{"start":{"line":283,"column":31},"end":{"line":283,"column":45}},{"start":{"line":283,"column":49},"end":{"line":283,"column":51}}]},"3":{"loc":{"start":{"line":296,"column":4},"end":{"line":308,"column":5}},"type":"if","locations":[{"start":{"line":296,"column":4},"end":{"line":308,"column":5}}]},"4":{"loc":{"start":{"line":302,"column":35},"end":{"line":302,"column":57}},"type":"binary-expr","locations":[{"start":{"line":302,"column":35},"end":{"line":302,"column":51}},{"start":{"line":302,"column":55},"end":{"line":302,"column":57}}]},"5":{"loc":{"start":{"line":303,"column":33},"end":{"line":303,"column":53}},"type":"binary-expr","locations":[{"start":{"line":303,"column":33},"end":{"line":303,"column":47}},{"start":{"line":303,"column":51},"end":{"line":303,"column":53}}]},"6":{"loc":{"start":{"line":304,"column":36},"end":{"line":304,"column":59}},"type":"binary-expr","locations":[{"start":{"line":304,"column":36},"end":{"line":304,"column":53}},{"start":{"line":304,"column":57},"end":{"line":304,"column":59}}]},"7":{"loc":{"start":{"line":318,"column":4},"end":{"line":327,"column":5}},"type":"if","locations":[{"start":{"line":318,"column":4},"end":{"line":327,"column":5}}]},"8":{"loc":{"start":{"line":323,"column":32},"end":{"line":323,"column":50}},"type":"binary-expr","locations":[{"start":{"line":323,"column":32},"end":{"line":323,"column":44}},{"start":{"line":323,"column":48},"end":{"line":323,"column":50}}]},"9":{"loc":{"start":{"line":324,"column":35},"end":{"line":324,"column":56}},"type":"binary-expr","locations":[{"start":{"line":324,"column":35},"end":{"line":324,"column":50}},{"start":{"line":324,"column":54},"end":{"line":324,"column":56}}]}},"s":{"0":0,"1":0,"2":0,"3":0,"4":0,"5":0,"6":0,"7":0,"8":0,"9":0,"10":0,"11":0,"12":0,"13":0,"14":0,"15":0,"16":0,"17":0,"18":0,"19":0,"20":0,"21":0,"22":0,"23":0,"24":0,"25":0,"26":0,"27":0,"28":0,"29":0,"30":0,"31":0,"32":0,"33":0,"34":0,"35":0,"36":0},"f":{"0":0,"1":0,"2":0},"b":{"0":[0,0],"1":[0],"2":[0,0],"3":[0],"4":[0,0],"5":[0,0],"6":[0,0],"7":[0],"8":[0,0],"9":[0,0]}}
}
