TN:
SF:src/middleware/errorHandler.ts
FN:8,(anonymous_0)
FN:50,(anonymous_1)
FN:57,(anonymous_2)
FN:58,(anonymous_3)
FNF:4
FNH:0
FNDA:0,(anonymous_0)
FNDA:0,(anonymous_1)
FNDA:0,(anonymous_2)
FNDA:0,(anonymous_3)
DA:8,0
DA:14,0
DA:15,0
DA:16,0
DA:19,0
DA:32,0
DA:33,0
DA:40,0
DA:50,0
DA:51,0
DA:52,0
DA:53,0
DA:54,0
DA:57,0
DA:58,0
DA:59,0
LF:16
LH:0
BRDA:14,0,0,0
BRDA:14,0,1,0
BRDA:15,1,0,0
BRDA:15,1,1,0
BRDA:16,2,0,0
BRDA:16,2,1,0
BRDA:32,3,0,0
BRDA:32,3,1,0
BRDA:32,4,0,0
BRDA:32,4,1,0
BRDA:50,5,0,0
BRDA:50,6,0,0
BRF:12
BRH:0
end_of_record
TN:
SF:src/routes/user.ts
FN:10,(anonymous_0)
FN:50,(anonymous_1)
FN:73,(anonymous_2)
FN:87,(anonymous_3)
FNF:4
FNH:0
FNDA:0,(anonymous_0)
FNDA:0,(anonymous_1)
FNDA:0,(anonymous_2)
FNDA:0,(anonymous_3)
DA:1,0
DA:2,0
DA:3,0
DA:6,0
DA:7,0
DA:10,0
DA:11,0
DA:13,0
DA:14,0
DA:17,0
DA:35,0
DA:36,0
DA:39,0
DA:46,0
DA:50,0
DA:51,0
DA:53,0
DA:54,0
DA:57,0
DA:58,0
DA:63,0
DA:64,0
DA:68,0
DA:73,0
DA:76,0
DA:83,0
DA:87,0
DA:88,0
DA:89,0
DA:91,0
DA:92,0
DA:95,0
DA:100,0
DA:107,0
DA:110,0
LF:35
LH:0
BRDA:13,0,0,0
BRDA:35,1,0,0
BRDA:53,2,0,0
BRDA:91,3,0,0
BRF:4
BRH:0
end_of_record
TN:
SF:src/scripts/initDatabase.ts
FN:8,main
FN:121,(anonymous_10)
FN:125,(anonymous_11)
FNF:3
FNH:0
FNDA:0,main
FNDA:0,(anonymous_10)
FNDA:0,(anonymous_11)
DA:1,0
DA:3,0
DA:4,0
DA:6,0
DA:9,0
DA:10,0
DA:12,0
DA:14,0
DA:15,0
DA:16,0
DA:17,0
DA:19,0
DA:20,0
DA:21,0
DA:25,0
DA:26,0
DA:27,0
DA:31,0
DA:33,0
DA:34,0
DA:35,0
DA:39,0
DA:41,0
DA:42,0
DA:46,0
DA:51,0
DA:52,0
DA:56,0
DA:59,0
DA:60,0
DA:61,0
DA:62,0
DA:66,0
DA:68,0
DA:72,0
DA:73,0
DA:74,0
DA:75,0
DA:79,0
DA:81,0
DA:85,0
DA:86,0
DA:95,0
DA:96,0
DA:97,0
DA:98,0
DA:99,0
DA:100,0
DA:101,0
DA:103,0
DA:104,0
DA:105,0
DA:106,0
DA:107,0
DA:108,0
DA:109,0
DA:111,0
DA:115,0
DA:116,0
DA:120,0
DA:122,0
DA:123,0
DA:126,0
LF:63
LH:0
BRDA:103,0,0,0
BRDA:103,0,1,0
BRF:2
BRH:0
end_of_record
TN:
SF:src/scripts/seedPlants.ts
FN:246,main
FN:338,(anonymous_1)
FN:342,(anonymous_2)
FNF:3
FNH:0
FNDA:0,main
FNDA:0,(anonymous_1)
FNDA:0,(anonymous_2)
DA:1,0
DA:5,0
DA:8,0
DA:137,0
DA:173,0
DA:219,0
DA:247,0
DA:250,0
DA:251,0
DA:252,0
DA:256,0
DA:257,0
DA:262,0
DA:269,0
DA:270,0
DA:271,0
DA:275,0
DA:276,0
DA:290,0
DA:291,0
DA:292,0
DA:296,0
DA:297,0
DA:312,0
DA:313,0
DA:314,0
DA:318,0
DA:319,0
DA:330,0
DA:331,0
DA:332,0
DA:333,0
DA:334,0
DA:337,0
DA:339,0
DA:340,0
DA:343,0
LF:37
LH:0
BRDA:256,0,0,0
BRDA:256,0,1,0
BRDA:275,1,0,0
BRDA:283,2,0,0
BRDA:283,2,1,0
BRDA:296,3,0,0
BRDA:302,4,0,0
BRDA:302,4,1,0
BRDA:303,5,0,0
BRDA:303,5,1,0
BRDA:304,6,0,0
BRDA:304,6,1,0
BRDA:318,7,0,0
BRDA:323,8,0,0
BRDA:323,8,1,0
BRDA:324,9,0,0
BRDA:324,9,1,0
BRF:17
BRH:0
end_of_record
